<?xml version="1.0" encoding="UTF-8"?>
<testsuite xmlns:xsi="http://www.w3.org/2001/XMLSchema-instance" xsi:noNamespaceSchemaLocation="https://maven.apache.org/surefire/maven-surefire-plugin/xsd/surefire-test-report.xsd" name="com.lovo.springboot.SpringBoot01HelloworldQuickApplicationTests" time="4.063" tests="2" errors="0" skipped="0" failures="0">
  <properties>
[...]
</properties>
  <testcase name="testHelloService" classname="com.lovo.springboot.SpringBoot01HelloworldQuickApplicationTests" time="0.267"/>
  <testcase name="contextLoads" classname="com.lovo.springboot.SpringBoot01HelloworldQuickApplicationTests" time="0.005"/>
</testsuite>